\BOOKMARK [1][-]{section.1}{Probability and inference}{}% 1
\BOOKMARK [2][-]{subsection.1.1}{The three steps of Bayesian data analysis}{section.1}% 2
\BOOKMARK [2][-]{subsection.1.2}{General notation for statistical inference}{section.1}% 3
\BOOKMARK [2][-]{subsection.1.3}{Bayesian inference}{section.1}% 4
\BOOKMARK [2][-]{subsection.1.4}{Discrete probability examples: genetics and spell checking}{section.1}% 5
\BOOKMARK [2][-]{subsection.1.5}{Probability as a measure of uncertainty}{section.1}% 6
\BOOKMARK [2][-]{subsection.1.6}{Example of probability assignment: football point spreads}{section.1}% 7
\BOOKMARK [2][-]{subsection.1.7}{Example: estimating the accuracy of record linkage}{section.1}% 8
\BOOKMARK [2][-]{subsection.1.8}{Some useful results from probability theory}{section.1}% 9
\BOOKMARK [2][-]{subsection.1.9}{Computation and software}{section.1}% 10
\BOOKMARK [2][-]{subsection.1.10}{Bayesian inference in applied statistics}{section.1}% 11
\BOOKMARK [1][-]{section.2}{Single-parameter models}{}% 12
\BOOKMARK [2][-]{subsection.2.1}{Estimating a probability from binomial data}{section.2}% 13
\BOOKMARK [2][-]{subsection.2.2}{Posterior as compromise between data and prior information}{section.2}% 14
\BOOKMARK [2][-]{subsection.2.3}{Summarizing posterior inference}{section.2}% 15
\BOOKMARK [2][-]{subsection.2.4}{Informative prior distributions}{section.2}% 16
\BOOKMARK [2][-]{subsection.2.5}{Estimating a normal mean with known variance}{section.2}% 17
\BOOKMARK [2][-]{subsection.2.6}{Other standard single-parameter models}{section.2}% 18
\BOOKMARK [2][-]{subsection.2.7}{Example: informative prior distribution for cancer rates}{section.2}% 19
\BOOKMARK [2][-]{subsection.2.8}{Noninformative prior distributions}{section.2}% 20
\BOOKMARK [2][-]{subsection.2.9}{Weakly informative prior distributions}{section.2}% 21
\BOOKMARK [1][-]{section.3}{Introduction to multiparameter models}{}% 22
\BOOKMARK [2][-]{subsection.3.1}{Averaging over ‘nuisance parameters’}{section.3}% 23
\BOOKMARK [2][-]{subsection.3.2}{Normal data with a noninformative prior distribution}{section.3}% 24
\BOOKMARK [2][-]{subsection.3.3}{Normal data with a conjugate prior distribution}{section.3}% 25
\BOOKMARK [2][-]{subsection.3.4}{Multinomial model for categorical data}{section.3}% 26
\BOOKMARK [2][-]{subsection.3.5}{Multivariate normal model with known variance}{section.3}% 27
\BOOKMARK [2][-]{subsection.3.6}{Multivariate normal with unknown mean and variance}{section.3}% 28
\BOOKMARK [2][-]{subsection.3.7}{Example: analysis of a bioassay experiment}{section.3}% 29
\BOOKMARK [2][-]{subsection.3.8}{Summary of elementary modeling and computation}{section.3}% 30
\BOOKMARK [1][-]{section.4}{Asymptotics and connections to non-Bayesian approaches}{}% 31
\BOOKMARK [2][-]{subsection.4.1}{Normal approximations to the posterior distribution}{section.4}% 32
\BOOKMARK [2][-]{subsection.4.2}{Large-sample theory}{section.4}% 33
\BOOKMARK [2][-]{subsection.4.3}{Counterexamples to the theorems}{section.4}% 34
\BOOKMARK [2][-]{subsection.4.4}{Frequency evaluations of Bayesian inferences}{section.4}% 35
\BOOKMARK [2][-]{subsection.4.5}{Bayesian interpretations of other statistical methods}{section.4}% 36
\BOOKMARK [1][-]{section.5}{David B.Dunson, Aki Vehtari, and Donald B.Rubin}{}% 37
\BOOKMARK [2][-]{subsection.5.1}{Constructing a parameterized prior distribution}{section.5}% 38
\BOOKMARK [2][-]{subsection.5.2}{Exchangeability and setting up hierarchical models}{section.5}% 39
\BOOKMARK [2][-]{subsection.5.3}{Fully Bayesian analysis of conjugate hierarchical models}{section.5}% 40
\BOOKMARK [2][-]{subsection.5.4}{Estimating exchangeable parameters from a normal model}{section.5}% 41
\BOOKMARK [2][-]{subsection.5.5}{Example: parallel experiments in eight schools}{section.5}% 42
\BOOKMARK [2][-]{subsection.5.6}{Hierarchical modeling applied to a meta-analysis}{section.5}% 43
\BOOKMARK [2][-]{subsection.5.7}{Weakly informative priors for hierarchical variance parameters}{section.5}% 44
